FILE_TYPE=LIBRARY_PARTS ;
PRIMITIVE 'ATMEGA644P','ATMEGA644P_44PIN';
 PIN
  'N1-1':
   PIN_NUMBER='(1)';
  'N2-1':
   PIN_NUMBER='(2)';
  'N3-1':
   PIN_NUMBER='(3)';
  'N4-1':
   PIN_NUMBER='(4)';
  'N5-1':
   PIN_NUMBER='(5)';
  'N6-1':
   PIN_NUMBER='(6)';
  'N7-1':
   PIN_NUMBER='(7)';
  'N8-1':
   PIN_NUMBER='(8)';
  'N9-1':
   PIN_NUMBER='(9)';
  'N10-1':
   PIN_NUMBER='(10)';
  'N11-1':
   PIN_NUMBER='(11)';
  'N12-1':
   PIN_NUMBER='(12)';
  'N13-1':
   PIN_NUMBER='(13)';
  'N14-1':
   PIN_NUMBER='(14)';
  'N15-1':
   PIN_NUMBER='(15)';
  'N16-1':
   PIN_NUMBER='(16)';
  'N17-1':
   PIN_NUMBER='(17)';
  'N18-1':
   PIN_NUMBER='(18)';
  'N19-1':
   PIN_NUMBER='(19)';
  'N20-1':
   PIN_NUMBER='(20)';
  'N21-1':
   PIN_NUMBER='(21)';
  'N22-1':
   PIN_NUMBER='(22)';
  'N23-1':
   PIN_NUMBER='(23)';
  'N24-1':
   PIN_NUMBER='(24)';
  'N25-1':
   PIN_NUMBER='(25)';
  'N26-1':
   PIN_NUMBER='(26)';
  'N27-1':
   PIN_NUMBER='(27)';
  'N28-1':
   PIN_NUMBER='(28)';   
  'N29-1':    
   PIN_NUMBER='(29)';   
  'N30-1':    
   PIN_NUMBER='(30)';   
  'N31-1':    
   PIN_NUMBER='(31)';   
  'N32-1':    
   PIN_NUMBER='(32)';    
  'N33-1':    
   PIN_NUMBER='(33)';   
  'N34-1':    
   PIN_NUMBER='(34)';   
  'N35-1':    
   PIN_NUMBER='(35)';   
  'N36-1':    
   PIN_NUMBER='(36)';   
  'N37-1':    
   PIN_NUMBER='(37)';   
  'N38-1':    
   PIN_NUMBER='(38)';   
  'N39-1':    
   PIN_NUMBER='(39)';   
  'N40-1':    
   PIN_NUMBER='(40)';   
  'N41-1':    
   PIN_NUMBER='(41)';   
  'N42-1':    
   PIN_NUMBER='(42)';   
  'N43-1':    
   PIN_NUMBER='(43)';   
  'N44-1':    
   PIN_NUMBER='(44)'; 
  END_PIN;
 BODY
  C_PATH='/LOGIC.1.1.1P';
  C_VIEW='CHIPS_PRT.1';
  PHYS_DES_PREFIX='U';
  SIZE='1';
  PART_NAME='ATMEGA644P';
 END_BODY;
END_PRIMITIVE;

PRIMITIVE 'ATMEGA644P_45PIN';
 PIN
  'N1-2':
   PIN_NUMBER='(1)';
  'N2-2':
   PIN_NUMBER='(2)';
  'N3-2':
   PIN_NUMBER='(3)';
  'N4-2':
   PIN_NUMBER='(4)';
  'N5-2':
   PIN_NUMBER='(5)';
  'N6-2':
   PIN_NUMBER='(6)';
  'N7-2':
   PIN_NUMBER='(7)';
  'N8-2':
   PIN_NUMBER='(8)';
  'N9-2':
   PIN_NUMBER='(9)';
  'N10-2':
   PIN_NUMBER='(10)';
  'N11-2':
   PIN_NUMBER='(11)';
  'N12-2':
   PIN_NUMBER='(12)';
  'N13-2':
   PIN_NUMBER='(13)';
  'N14-2':
   PIN_NUMBER='(14)';
  'N15-2':
   PIN_NUMBER='(15)';
  'N16-2':
   PIN_NUMBER='(16)';
  'N17-2':
   PIN_NUMBER='(17)';
  'N18-2':
   PIN_NUMBER='(18)';
  'N19-2':
   PIN_NUMBER='(19)';
  'N20-2':
   PIN_NUMBER='(20)';
  'N21-2':
   PIN_NUMBER='(21)';
  'N22-2':
   PIN_NUMBER='(22)';
  'N23-2':
   PIN_NUMBER='(23)';
  'N24-2':
   PIN_NUMBER='(24)';
  'N25-2':
   PIN_NUMBER='(25)';
  'N26-2':
   PIN_NUMBER='(26)';
  'N27-2':
   PIN_NUMBER='(27)';
  'N28-2':
   PIN_NUMBER='(28)';   
  'N29-2':    
   PIN_NUMBER='(29)';   
  'N30-2':    
   PIN_NUMBER='(30)';   
  'N31-2':    
   PIN_NUMBER='(31)';   
  'N32-2':    
   PIN_NUMBER='(32)';    
  'N33-2':    
   PIN_NUMBER='(33)';   
  'N34-2':    
   PIN_NUMBER='(34)';   
  'N35-2':    
   PIN_NUMBER='(35)';   
  'N36-2':    
   PIN_NUMBER='(36)';   
  'N37-2':    
   PIN_NUMBER='(37)';   
  'N38-2':    
   PIN_NUMBER='(38)';   
  'N39-2':    
   PIN_NUMBER='(39)';   
  'N40-2':    
   PIN_NUMBER='(40)';   
  'N41-2':    
   PIN_NUMBER='(41)';   
  'N42-2':    
   PIN_NUMBER='(42)';   
  'N43-2':    
   PIN_NUMBER='(43)';   
  'N44-2':    
   PIN_NUMBER='(44)'; 
  'N45-2':    
   PIN_NUMBER='(45)';
  END_PIN;
 BODY
  C_PATH='/LOGIC.1.1.1P';
  C_VIEW='CHIPS_PRT.1';
  PHYS_DES_PREFIX='U';
  SIZE='1';
  PART_NAME='ATMEGA644P';
 END_BODY;
END_PRIMITIVE;
END.